Build started 8/22/2012 8:20:24 PM.
     1>Project "C:\Users\owner\Dropbox\Load_sig\Algorithm\Version1\Version1\Version1\Version1.vcxproj" on node 2 (build target(s)).
     1>InitializeBuildStatus:
         Touching "Debug\Version1.unsuccessfulbuild".
       ClCompile:
         c:\Program Files (x86)\Microsoft Visual Studio 10.0\VC\bin\CL.exe /c /ZI /nologo /W3 /WX- /Od /Oy- /D WIN32 /D _DEBUG /D _CONSOLE /D _UNICODE /D UNICODE /Gm /EHsc /RTC1 /MDd /GS /fp:precise /Zc:wchar_t /Zc:forScope /Fo"Debug\\" /Fd"Debug\vc100.pdb" /Gd /TP /analyze- /errorReport:prompt ..\..\algorythm_with_channels.cpp
         algorythm_with_channels.cpp
     1>c:\users\owner\dropbox\load_sig\algorithm\version1\algorythm_with_channels.cpp(61): warning C4305: 'initializing' : truncation from 'double' to 'float'
     1>c:\users\owner\dropbox\load_sig\algorithm\version1\algorythm_with_channels.cpp(195): warning C4244: '=' : conversion from 'double' to 'float', possible loss of data
     1>c:\users\owner\dropbox\load_sig\algorithm\version1\algorythm_with_channels.cpp(206): warning C4996: 'fopen': This function or variable may be unsafe. Consider using fopen_s instead. To disable deprecation, use _CRT_SECURE_NO_WARNINGS. See online help for details.
                 c:\program files (x86)\microsoft visual studio 10.0\vc\include\stdio.h(234) : see declaration of 'fopen'
     1>c:\users\owner\dropbox\load_sig\algorithm\version1\algorythm_with_channels.cpp(208): warning C4996: 'fopen': This function or variable may be unsafe. Consider using fopen_s instead. To disable deprecation, use _CRT_SECURE_NO_WARNINGS. See online help for details.
                 c:\program files (x86)\microsoft visual studio 10.0\vc\include\stdio.h(234) : see declaration of 'fopen'
     1>c:\users\owner\dropbox\load_sig\algorithm\version1\algorythm_with_channels.cpp(210): warning C4996: 'fopen': This function or variable may be unsafe. Consider using fopen_s instead. To disable deprecation, use _CRT_SECURE_NO_WARNINGS. See online help for details.
                 c:\program files (x86)\microsoft visual studio 10.0\vc\include\stdio.h(234) : see declaration of 'fopen'
     1>c:\users\owner\dropbox\load_sig\algorithm\version1\algorythm_with_channels.cpp(219): warning C4996: 'sscanf': This function or variable may be unsafe. Consider using sscanf_s instead. To disable deprecation, use _CRT_SECURE_NO_WARNINGS. See online help for details.
                 c:\program files (x86)\microsoft visual studio 10.0\vc\include\stdio.h(325) : see declaration of 'sscanf'
     1>c:\users\owner\dropbox\load_sig\algorithm\version1\algorythm_with_channels.cpp(281): warning C4996: 'fopen': This function or variable may be unsafe. Consider using fopen_s instead. To disable deprecation, use _CRT_SECURE_NO_WARNINGS. See online help for details.
                 c:\program files (x86)\microsoft visual studio 10.0\vc\include\stdio.h(234) : see declaration of 'fopen'
     1>c:\users\owner\dropbox\load_sig\algorithm\version1\algorythm_with_channels.cpp(288): warning C4996: 'fopen': This function or variable may be unsafe. Consider using fopen_s instead. To disable deprecation, use _CRT_SECURE_NO_WARNINGS. See online help for details.
                 c:\program files (x86)\microsoft visual studio 10.0\vc\include\stdio.h(234) : see declaration of 'fopen'
     1>c:\users\owner\dropbox\load_sig\algorithm\version1\algorythm_with_channels.cpp(295): warning C4996: 'fopen': This function or variable may be unsafe. Consider using fopen_s instead. To disable deprecation, use _CRT_SECURE_NO_WARNINGS. See online help for details.
                 c:\program files (x86)\microsoft visual studio 10.0\vc\include\stdio.h(234) : see declaration of 'fopen'
     1>c:\users\owner\dropbox\load_sig\algorithm\version1\algorythm_with_channels.cpp(302): warning C4996: 'fopen': This function or variable may be unsafe. Consider using fopen_s instead. To disable deprecation, use _CRT_SECURE_NO_WARNINGS. See online help for details.
                 c:\program files (x86)\microsoft visual studio 10.0\vc\include\stdio.h(234) : see declaration of 'fopen'
     1>c:\users\owner\dropbox\load_sig\algorithm\version1\algorythm_with_channels.cpp(317): warning C4996: 'fopen': This function or variable may be unsafe. Consider using fopen_s instead. To disable deprecation, use _CRT_SECURE_NO_WARNINGS. See online help for details.
                 c:\program files (x86)\microsoft visual studio 10.0\vc\include\stdio.h(234) : see declaration of 'fopen'
     1>c:\users\owner\dropbox\load_sig\algorithm\version1\algorythm_with_channels.cpp(335): warning C4305: '=' : truncation from 'double' to 'float'
     1>c:\users\owner\dropbox\load_sig\algorithm\version1\algorythm_with_channels.cpp(336): warning C4305: '=' : truncation from 'double' to 'float'
     1>c:\users\owner\dropbox\load_sig\algorithm\version1\algorythm_with_channels.cpp(338): warning C4305: '=' : truncation from 'double' to 'float'
     1>c:\users\owner\dropbox\load_sig\algorithm\version1\algorythm_with_channels.cpp(340): warning C4305: '=' : truncation from 'double' to 'float'
     1>c:\users\owner\dropbox\load_sig\algorithm\version1\algorythm_with_channels.cpp(346): warning C4305: '=' : truncation from 'double' to 'float'
     1>c:\users\owner\dropbox\load_sig\algorithm\version1\algorythm_with_channels.cpp(347): warning C4305: '=' : truncation from 'double' to 'float'
     1>c:\users\owner\dropbox\load_sig\algorithm\version1\algorythm_with_channels.cpp(348): warning C4305: '=' : truncation from 'double' to 'float'
     1>c:\users\owner\dropbox\load_sig\algorithm\version1\algorythm_with_channels.cpp(349): warning C4305: '=' : truncation from 'double' to 'float'
     1>c:\users\owner\dropbox\load_sig\algorithm\version1\algorythm_with_channels.cpp(350): warning C4305: '=' : truncation from 'double' to 'float'
     1>c:\users\owner\dropbox\load_sig\algorithm\version1\algorythm_with_channels.cpp(351): warning C4305: '=' : truncation from 'double' to 'float'
     1>c:\users\owner\dropbox\load_sig\algorithm\version1\algorythm_with_channels.cpp(357): warning C4305: '=' : truncation from 'double' to 'float'
     1>c:\users\owner\dropbox\load_sig\algorithm\version1\algorythm_with_channels.cpp(358): warning C4305: '=' : truncation from 'double' to 'float'
     1>c:\users\owner\dropbox\load_sig\algorithm\version1\algorythm_with_channels.cpp(359): warning C4305: '=' : truncation from 'double' to 'float'
     1>c:\users\owner\dropbox\load_sig\algorithm\version1\algorythm_with_channels.cpp(360): warning C4305: '=' : truncation from 'double' to 'float'
     1>c:\users\owner\dropbox\load_sig\algorithm\version1\algorythm_with_channels.cpp(362): warning C4305: '=' : truncation from 'double' to 'float'
     1>c:\users\owner\dropbox\load_sig\algorithm\version1\algorythm_with_channels.cpp(368): warning C4305: '=' : truncation from 'double' to 'float'
     1>c:\users\owner\dropbox\load_sig\algorithm\version1\algorythm_with_channels.cpp(370): warning C4305: '=' : truncation from 'double' to 'float'
     1>c:\users\owner\dropbox\load_sig\algorithm\version1\algorythm_with_channels.cpp(371): warning C4305: '=' : truncation from 'double' to 'float'
     1>c:\users\owner\dropbox\load_sig\algorithm\version1\algorythm_with_channels.cpp(372): warning C4305: '=' : truncation from 'double' to 'float'
     1>c:\users\owner\dropbox\load_sig\algorithm\version1\algorythm_with_channels.cpp(373): warning C4305: '=' : truncation from 'double' to 'float'
     1>c:\users\owner\dropbox\load_sig\algorithm\version1\algorythm_with_channels.cpp(446): warning C4996: 'getch': The POSIX name for this item is deprecated. Instead, use the ISO C++ conformant name: _getch. See online help for details.
                 c:\program files (x86)\microsoft visual studio 10.0\vc\include\conio.h(128) : see declaration of 'getch'
     1>c:\users\owner\dropbox\load_sig\algorithm\version1\algorythm_with_channels.cpp(460): warning C4996: 'getch': The POSIX name for this item is deprecated. Instead, use the ISO C++ conformant name: _getch. See online help for details.
                 c:\program files (x86)\microsoft visual studio 10.0\vc\include\conio.h(128) : see declaration of 'getch'
       ManifestResourceCompile:
         All outputs are up-to-date.
       Link:
         c:\Program Files (x86)\Microsoft Visual Studio 10.0\VC\bin\link.exe /ERRORREPORT:PROMPT /OUT:"C:\Users\owner\Dropbox\Load_sig\Algorithm\Version1\Version1\Debug\Version1.exe" /INCREMENTAL /NOLOGO kernel32.lib user32.lib gdi32.lib winspool.lib comdlg32.lib advapi32.lib shell32.lib ole32.lib oleaut32.lib uuid.lib odbc32.lib odbccp32.lib /MANIFEST /ManifestFile:"Debug\Version1.exe.intermediate.manifest" /MANIFESTUAC:"level='asInvoker' uiAccess='false'" /DEBUG /PDB:"C:\Users\owner\Dropbox\Load_sig\Algorithm\Version1\Version1\Debug\Version1.pdb" /SUBSYSTEM:CONSOLE /TLBID:1 /DYNAMICBASE /NXCOMPAT /IMPLIB:"C:\Users\owner\Dropbox\Load_sig\Algorithm\Version1\Version1\Debug\Version1.lib" /MACHINE:X86 Debug\Version1.exe.embed.manifest.res
         Debug\algorythm_with_channels.obj
       Manifest:
         C:\Program Files (x86)\Microsoft SDKs\Windows\v7.0A\bin\mt.exe /nologo /verbose /out:"Debug\Version1.exe.embed.manifest" /manifest Debug\Version1.exe.intermediate.manifest
         All outputs are up-to-date.
       LinkEmbedManifest:
         All outputs are up-to-date.
         Version1.vcxproj -> C:\Users\owner\Dropbox\Load_sig\Algorithm\Version1\Version1\Debug\Version1.exe
       FinalizeBuildStatus:
         Deleting file "Debug\Version1.unsuccessfulbuild".
         Touching "Debug\Version1.lastbuildstate".
     1>Done Building Project "C:\Users\owner\Dropbox\Load_sig\Algorithm\Version1\Version1\Version1\Version1.vcxproj" (build target(s)).

Build succeeded.

Time Elapsed 00:00:01.68
